<?xml version="1.0" encoding="UTF-8"?>
<testsuite xmlns:xsi="http://www.w3.org/2001/XMLSchema-instance" xsi:noNamespaceSchemaLocation="https://maven.apache.org/surefire/maven-surefire-plugin/xsd/surefire-test-report.xsd" version="3.0.2" name="com.tomato.rising_star_2026.service.BookingServiceTest" time="0.255" tests="11" errors="0" skipped="0" failures="0">
  <properties>
[...]
</properties>
  <testcase name="getBookingsByRoom_shouldThrowWhenRoomNotFound" classname="com.tomato.rising_star_2026.service.BookingServiceTest" time="0.214">
    <system-out><![CDATA[2026-01-20T15:44:13.713+02:00  INFO 223964 --- [Rising_Star_2026] [           main] c.t.r.service.BookingService             : Fetching active bookings for room 999
]]></system-out>
  </testcase>
  <testcase name="getBookingsByRoom_shouldReturnActiveBookings" classname="com.tomato.rising_star_2026.service.BookingServiceTest" time="0.009">
    <system-out><![CDATA[2026-01-20T15:44:13.734+02:00  INFO 223964 --- [Rising_Star_2026] [           main] c.t.r.service.BookingService             : Fetching active bookings for room 1
]]></system-out>
  </testcase>
  <testcase name="createBooking_shouldThrowWhenStartAfterEnd" classname="com.tomato.rising_star_2026.service.BookingServiceTest" time="0.003">
    <system-out><![CDATA[2026-01-20T15:44:13.743+02:00  INFO 223964 --- [Rising_Star_2026] [           main] c.t.r.service.BookingService             : Creating booking for room 1 from 2026-01-22T15:44:13.743262052 to 2026-01-21T15:44:13.743267793
]]></system-out>
  </testcase>
  <testcase name="cancelBooking_shouldThrowWhenBookingNotFound" classname="com.tomato.rising_star_2026.service.BookingServiceTest" time="0.003">
    <system-out><![CDATA[2026-01-20T15:44:13.747+02:00  INFO 223964 --- [Rising_Star_2026] [           main] c.t.r.service.BookingService             : Canceling booking with id 999
]]></system-out>
  </testcase>
  <testcase name="createBooking_shouldThrowWhenRoomNotFound" classname="com.tomato.rising_star_2026.service.BookingServiceTest" time="0.003">
    <system-out><![CDATA[2026-01-20T15:44:13.751+02:00  INFO 223964 --- [Rising_Star_2026] [           main] c.t.r.service.BookingService             : Creating booking for room 999 from 2026-01-21T15:44:13.750985512 to 2026-01-21T17:44:13.751005400
]]></system-out>
  </testcase>
  <testcase name="createBooking_shouldThrowWhenBookingOverlaps" classname="com.tomato.rising_star_2026.service.BookingServiceTest" time="0.003">
    <system-out><![CDATA[2026-01-20T15:44:13.754+02:00  INFO 223964 --- [Rising_Star_2026] [           main] c.t.r.service.BookingService             : Creating booking for room 1 from 2026-01-21T15:44:13.753849249 to 2026-01-21T17:44:13.753865980
]]></system-out>
  </testcase>
  <testcase name="createBooking_shouldThrowWhenBookingInPast" classname="com.tomato.rising_star_2026.service.BookingServiceTest" time="0.002">
    <system-out><![CDATA[2026-01-20T15:44:13.757+02:00  INFO 223964 --- [Rising_Star_2026] [           main] c.t.r.service.BookingService             : Creating booking for room 1 from 2026-01-19T15:44:13.757103218 to 2026-01-20T14:44:13.757114349
]]></system-out>
  </testcase>
  <testcase name="getBookingsByRoom_shouldReturnEmptyListWhenNoBookings" classname="com.tomato.rising_star_2026.service.BookingServiceTest" time="0.003">
    <system-out><![CDATA[2026-01-20T15:44:13.760+02:00  INFO 223964 --- [Rising_Star_2026] [           main] c.t.r.service.BookingService             : Fetching active bookings for room 1
]]></system-out>
  </testcase>
  <testcase name="createBooking_shouldThrowWhenStartEqualsEnd" classname="com.tomato.rising_star_2026.service.BookingServiceTest" time="0.002">
    <system-out><![CDATA[2026-01-20T15:44:13.763+02:00  INFO 223964 --- [Rising_Star_2026] [           main] c.t.r.service.BookingService             : Creating booking for room 1 from 2026-01-21T15:44:13.762730583 to 2026-01-21T15:44:13.762730583
]]></system-out>
  </testcase>
  <testcase name="createBooking_shouldCreateBookingWhenValid" classname="com.tomato.rising_star_2026.service.BookingServiceTest" time="0.004">
    <system-out><![CDATA[2026-01-20T15:44:13.766+02:00  INFO 223964 --- [Rising_Star_2026] [           main] c.t.r.service.BookingService             : Creating booking for room 1 from 2026-01-21T15:44:13.765063393 to 2026-01-21T17:44:13.765080094
2026-01-20T15:44:13.766+02:00  INFO 223964 --- [Rising_Star_2026] [           main] c.t.r.service.BookingService             : Booking created with id 1
]]></system-out>
  </testcase>
  <testcase name="cancelBooking_shouldCancelBookingSuccessfully" classname="com.tomato.rising_star_2026.service.BookingServiceTest" time="0.002">
    <system-out><![CDATA[2026-01-20T15:44:13.769+02:00  INFO 223964 --- [Rising_Star_2026] [           main] c.t.r.service.BookingService             : Canceling booking with id 1
2026-01-20T15:44:13.770+02:00  INFO 223964 --- [Rising_Star_2026] [           main] c.t.r.service.BookingService             : Booking 1 canceled
]]></system-out>
  </testcase>
</testsuite>