<?xml version="1.0" encoding="UTF-8"?>
<testsuite xmlns:xsi="http://www.w3.org/2001/XMLSchema-instance" xsi:noNamespaceSchemaLocation="https://maven.apache.org/surefire/maven-surefire-plugin/xsd/surefire-test-report.xsd" version="3.0.2" name="com.tomato.rising_star_2026.controller.BookingControllerIntegrationTest" time="0.464" tests="9" errors="0" skipped="0" failures="0">
  <properties>
[...]
</properties>
  <testcase name="createBooking_shouldCreateBookingSuccessfully" classname="com.tomato.rising_star_2026.controller.BookingControllerIntegrationTest" time="0.137">
    <system-out><![CDATA[2026-01-20T15:44:13.049+02:00  INFO 223964 --- [Rising_Star_2026] [           main] t.c.s.AnnotationConfigContextLoaderUtils : Could not detect default configuration classes for test class [com.tomato.rising_star_2026.controller.BookingControllerIntegrationTest]: BookingControllerIntegrationTest does not declare any static, non-private, non-final, nested classes annotated with @Configuration.
2026-01-20T15:44:13.055+02:00  INFO 223964 --- [Rising_Star_2026] [           main] .b.t.c.SpringBootTestContextBootstrapper : Found @SpringBootConfiguration com.tomato.rising_star_2026.RisingStar2026Application for test class com.tomato.rising_star_2026.controller.BookingControllerIntegrationTest

  .   ____          _            __ _ _
 /\\ / ___'_ __ _ _(_)_ __  __ _ \ \ \ \
( ( )\___ | '_ | '_| | '_ \/ _` | \ \ \ \
 \\/  ___)| |_)| | | | | || (_| |  ) ) ) )
  '  |____| .__|_| |_|_| |_\__, | / / / /
 =========|_|==============|___/=/_/_/_/

 :: Spring Boot ::                (v4.0.1)

2026-01-20T15:44:13.074+02:00  INFO 223964 --- [Rising_Star_2026] [           main] c.t.r.c.BookingControllerIntegrationTest : Starting BookingControllerIntegrationTest using Java 17.0.17 with PID 223964 (started by tuomas in /home/tuomas/IdeaProjects/Rising_Star_2026)
2026-01-20T15:44:13.074+02:00  INFO 223964 --- [Rising_Star_2026] [           main] c.t.r.c.BookingControllerIntegrationTest : No active profile set, falling back to 1 default profile: "default"
2026-01-20T15:44:13.113+02:00  INFO 223964 --- [Rising_Star_2026] [           main] .s.d.r.c.RepositoryConfigurationDelegate : Bootstrapping Spring Data JPA repositories in DEFAULT mode.
2026-01-20T15:44:13.117+02:00  INFO 223964 --- [Rising_Star_2026] [           main] .s.d.r.c.RepositoryConfigurationDelegate : Finished Spring Data repository scanning in 3 ms. Found 2 JPA repository interfaces.
2026-01-20T15:44:13.144+02:00  INFO 223964 --- [Rising_Star_2026] [           main] org.hibernate.orm.jpa                    : HHH008540: Processing PersistenceUnitInfo [name: default]
2026-01-20T15:44:13.152+02:00  INFO 223964 --- [Rising_Star_2026] [           main] o.s.o.j.p.SpringPersistenceUnitInfo      : No LoadTimeWeaver setup: ignoring JPA class transformer
2026-01-20T15:44:13.153+02:00  INFO 223964 --- [Rising_Star_2026] [           main] com.zaxxer.hikari.HikariDataSource       : HikariPool-2 - Starting...
2026-01-20T15:44:13.153+02:00  INFO 223964 --- [Rising_Star_2026] [           main] com.zaxxer.hikari.pool.HikariPool        : HikariPool-2 - Added connection conn10: url=jdbc:h2:mem:bookingdb user=SA
2026-01-20T15:44:13.154+02:00  INFO 223964 --- [Rising_Star_2026] [           main] com.zaxxer.hikari.HikariDataSource       : HikariPool-2 - Start completed.
2026-01-20T15:44:13.154+02:00  WARN 223964 --- [Rising_Star_2026] [           main] org.hibernate.orm.deprecation            : HHH90000025: H2Dialect does not need to be specified explicitly using 'hibernate.dialect' (remove the property setting and it will be selected by default)
2026-01-20T15:44:13.154+02:00  INFO 223964 --- [Rising_Star_2026] [           main] org.hibernate.orm.connections.pooling    : HHH10001005: Database info:
	Database JDBC URL [jdbc:h2:mem:bookingdb]
	Database driver: H2 JDBC Driver
	Database dialect: H2Dialect
	Database version: 2.4.240
	Default catalog/schema: BOOKINGDB/PUBLIC
	Autocommit mode: undefined/unknown
	Isolation level: READ_COMMITTED [default READ_COMMITTED]
	JDBC fetch size: 100
	Pool: DataSourceConnectionProvider
	Minimum pool size: undefined/unknown
	Maximum pool size: undefined/unknown
2026-01-20T15:44:13.168+02:00  INFO 223964 --- [Rising_Star_2026] [           main] org.hibernate.orm.core                   : HHH000489: No JTA platform available (set 'hibernate.transaction.jta.platform' to enable JTA platform integration)
Hibernate: 
    drop table if exists bookings cascade 
Hibernate: 
    drop table if exists rooms cascade 
Hibernate: 
    create table bookings (
        end_time timestamp(6),
        id bigint generated by default as identity,
        room_id bigint not null,
        start_time timestamp(6),
        status enum ('BOOKED','CANCELED'),
        primary key (id)
    )
Hibernate: 
    create table rooms (
        id bigint generated by default as identity,
        name varchar(255),
        primary key (id)
    )
Hibernate: 
    alter table if exists bookings 
       add constraint FKrgoycol97o21kpjodw1qox4nc 
       foreign key (room_id) 
       references rooms
2026-01-20T15:44:13.172+02:00  INFO 223964 --- [Rising_Star_2026] [           main] j.LocalContainerEntityManagerFactoryBean : Initialized JPA EntityManagerFactory for persistence unit 'default'
2026-01-20T15:44:13.202+02:00  WARN 223964 --- [Rising_Star_2026] [           main] JpaBaseConfiguration$JpaWebConfiguration : spring.jpa.open-in-view is enabled by default. Therefore, database queries may be performed during view rendering. Explicitly configure spring.jpa.open-in-view to disable this warning
2026-01-20T15:44:13.229+02:00  INFO 223964 --- [Rising_Star_2026] [           main] o.s.b.h.a.H2ConsoleAutoConfiguration     : H2 console available at '/h2-console'. Database available at 'jdbc:h2:mem:bookingdb'
2026-01-20T15:44:13.242+02:00  INFO 223964 --- [Rising_Star_2026] [           main] o.s.b.t.m.w.SpringBootMockServletContext : Initializing Spring TestDispatcherServlet ''
2026-01-20T15:44:13.242+02:00  INFO 223964 --- [Rising_Star_2026] [           main] o.s.t.web.servlet.TestDispatcherServlet  : Initializing Servlet ''
2026-01-20T15:44:13.244+02:00  INFO 223964 --- [Rising_Star_2026] [           main] o.s.t.web.servlet.TestDispatcherServlet  : Completed initialization in 1 ms
2026-01-20T15:44:13.251+02:00  INFO 223964 --- [Rising_Star_2026] [           main] c.t.r.c.BookingControllerIntegrationTest : Started BookingControllerIntegrationTest in 0.193 seconds (process running for 2.598)
2026-01-20T15:44:13.251+02:00  INFO 223964 --- [Rising_Star_2026] [           main] c.t.r.config.DataInitializer             : Initializing sample rooms...
Hibernate: 
    insert 
    into
        rooms
        (name, id) 
    values
        (?, default)
Hibernate: 
    insert 
    into
        rooms
        (name, id) 
    values
        (?, default)
Hibernate: 
    insert 
    into
        rooms
        (name, id) 
    values
        (?, default)
Hibernate: 
    insert 
    into
        rooms
        (name, id) 
    values
        (?, default)
Hibernate: 
    insert 
    into
        rooms
        (name, id) 
    values
        (?, default)
2026-01-20T15:44:13.256+02:00  INFO 223964 --- [Rising_Star_2026] [           main] c.t.r.config.DataInitializer             : Created 5 sample rooms
Hibernate: 
    select
        b1_0.id,
        b1_0.end_time,
        b1_0.room_id,
        b1_0.start_time,
        b1_0.status 
    from
        bookings b1_0
Hibernate: 
    select
        r1_0.id,
        r1_0.name 
    from
        rooms r1_0
Hibernate: 
    delete 
    from
        rooms 
    where
        id=?
Hibernate: 
    delete 
    from
        rooms 
    where
        id=?
Hibernate: 
    delete 
    from
        rooms 
    where
        id=?
Hibernate: 
    delete 
    from
        rooms 
    where
        id=?
Hibernate: 
    delete 
    from
        rooms 
    where
        id=?
Hibernate: 
    insert 
    into
        rooms
        (name, id) 
    values
        (?, default)
2026-01-20T15:44:13.352+02:00  INFO 223964 --- [Rising_Star_2026] [           main] c.t.r.service.BookingService             : Creating booking for room 6 from 2026-01-21T15:44:13 to 2026-01-21T17:44:13
Hibernate: 
    select
        r1_0.id,
        r1_0.name 
    from
        rooms r1_0 
    where
        r1_0.id=?
Hibernate: 
    select
        count(b1_0.id)>0 
    from
        bookings b1_0 
    where
        b1_0.room_id=? 
        and b1_0.status='BOOKED' 
        and b1_0.start_time<? 
        and b1_0.end_time>?
Hibernate: 
    insert 
    into
        bookings
        (end_time, room_id, start_time, status, id) 
    values
        (?, ?, ?, ?, default)
2026-01-20T15:44:13.372+02:00  INFO 223964 --- [Rising_Star_2026] [           main] c.t.r.service.BookingService             : Booking created with id 1
]]></system-out>
  </testcase>
  <testcase name="cancelBooking_shouldReturn404WhenBookingNotFound" classname="com.tomato.rising_star_2026.controller.BookingControllerIntegrationTest" time="0.015">
    <system-out><![CDATA[Hibernate: 
    select
        b1_0.id,
        b1_0.end_time,
        b1_0.room_id,
        b1_0.start_time,
        b1_0.status 
    from
        bookings b1_0
Hibernate: 
    delete 
    from
        bookings 
    where
        id=?
Hibernate: 
    select
        r1_0.id,
        r1_0.name 
    from
        rooms r1_0
Hibernate: 
    delete 
    from
        rooms 
    where
        id=?
Hibernate: 
    insert 
    into
        rooms
        (name, id) 
    values
        (?, default)
2026-01-20T15:44:13.405+02:00  INFO 223964 --- [Rising_Star_2026] [           main] c.t.r.service.BookingService             : Canceling booking with id 999
Hibernate: 
    select
        b1_0.id,
        b1_0.end_time,
        b1_0.room_id,
        b1_0.start_time,
        b1_0.status 
    from
        bookings b1_0 
    where
        b1_0.id=?
2026-01-20T15:44:13.407+02:00  WARN 223964 --- [Rising_Star_2026] [           main] c.t.r.exception.GlobalExceptionHandler   : Booking not found: Booking not found
]]></system-out>
  </testcase>
  <testcase name="getBookingsByRoom_shouldReturnActiveBookings" classname="com.tomato.rising_star_2026.controller.BookingControllerIntegrationTest" time="0.037">
    <system-out><![CDATA[Hibernate: 
    select
        b1_0.id,
        b1_0.end_time,
        b1_0.room_id,
        b1_0.start_time,
        b1_0.status 
    from
        bookings b1_0
Hibernate: 
    select
        r1_0.id,
        r1_0.name 
    from
        rooms r1_0
Hibernate: 
    delete 
    from
        rooms 
    where
        id=?
Hibernate: 
    insert 
    into
        rooms
        (name, id) 
    values
        (?, default)
Hibernate: 
    insert 
    into
        bookings
        (end_time, room_id, start_time, status, id) 
    values
        (?, ?, ?, ?, default)
Hibernate: 
    insert 
    into
        bookings
        (end_time, room_id, start_time, status, id) 
    values
        (?, ?, ?, ?, default)
Hibernate: 
    insert 
    into
        bookings
        (end_time, room_id, start_time, status, id) 
    values
        (?, ?, ?, ?, default)
2026-01-20T15:44:13.420+02:00  INFO 223964 --- [Rising_Star_2026] [           main] c.t.r.service.BookingService             : Fetching active bookings for room 8
Hibernate: 
    select
        count(*) 
    from
        rooms r1_0 
    where
        r1_0.id=?
Hibernate: 
    select
        b1_0.id,
        b1_0.end_time,
        b1_0.room_id,
        b1_0.start_time,
        b1_0.status 
    from
        bookings b1_0 
    where
        b1_0.room_id=? 
        and b1_0.status=?
Hibernate: 
    select
        r1_0.id,
        r1_0.name 
    from
        rooms r1_0 
    where
        r1_0.id=?
]]></system-out>
  </testcase>
  <testcase name="getBookingsByRoom_shouldReturnEmptyList" classname="com.tomato.rising_star_2026.controller.BookingControllerIntegrationTest" time="0.009">
    <system-out><![CDATA[Hibernate: 
    select
        b1_0.id,
        b1_0.end_time,
        b1_0.room_id,
        b1_0.start_time,
        b1_0.status 
    from
        bookings b1_0
Hibernate: 
    delete 
    from
        bookings 
    where
        id=?
Hibernate: 
    delete 
    from
        bookings 
    where
        id=?
Hibernate: 
    delete 
    from
        bookings 
    where
        id=?
Hibernate: 
    select
        r1_0.id,
        r1_0.name 
    from
        rooms r1_0
Hibernate: 
    delete 
    from
        rooms 
    where
        id=?
Hibernate: 
    insert 
    into
        rooms
        (name, id) 
    values
        (?, default)
2026-01-20T15:44:13.456+02:00  INFO 223964 --- [Rising_Star_2026] [           main] c.t.r.service.BookingService             : Fetching active bookings for room 9
Hibernate: 
    select
        count(*) 
    from
        rooms r1_0 
    where
        r1_0.id=?
Hibernate: 
    select
        b1_0.id,
        b1_0.end_time,
        b1_0.room_id,
        b1_0.start_time,
        b1_0.status 
    from
        bookings b1_0 
    where
        b1_0.room_id=? 
        and b1_0.status=?
]]></system-out>
  </testcase>
  <testcase name="createBooking_shouldReturn409WhenBookingOverlaps" classname="com.tomato.rising_star_2026.controller.BookingControllerIntegrationTest" time="0.009">
    <system-out><![CDATA[Hibernate: 
    select
        b1_0.id,
        b1_0.end_time,
        b1_0.room_id,
        b1_0.start_time,
        b1_0.status 
    from
        bookings b1_0
Hibernate: 
    select
        r1_0.id,
        r1_0.name 
    from
        rooms r1_0
Hibernate: 
    delete 
    from
        rooms 
    where
        id=?
Hibernate: 
    insert 
    into
        rooms
        (name, id) 
    values
        (?, default)
Hibernate: 
    insert 
    into
        bookings
        (end_time, room_id, start_time, status, id) 
    values
        (?, ?, ?, ?, default)
2026-01-20T15:44:13.464+02:00  INFO 223964 --- [Rising_Star_2026] [           main] c.t.r.service.BookingService             : Creating booking for room 10 from 2026-01-21T15:44:13 to 2026-01-21T17:44:13
Hibernate: 
    select
        r1_0.id,
        r1_0.name 
    from
        rooms r1_0 
    where
        r1_0.id=?
Hibernate: 
    select
        count(b1_0.id)>0 
    from
        bookings b1_0 
    where
        b1_0.room_id=? 
        and b1_0.status='BOOKED' 
        and b1_0.start_time<? 
        and b1_0.end_time>?
2026-01-20T15:44:13.466+02:00  WARN 223964 --- [Rising_Star_2026] [           main] c.t.r.exception.GlobalExceptionHandler   : Booking overlap: Booking overlaps with an existing booking for this room
]]></system-out>
  </testcase>
  <testcase name="createBooking_shouldReturn400WhenValidationFails" classname="com.tomato.rising_star_2026.controller.BookingControllerIntegrationTest" time="0.013">
    <system-out><![CDATA[Hibernate: 
    select
        b1_0.id,
        b1_0.end_time,
        b1_0.room_id,
        b1_0.start_time,
        b1_0.status 
    from
        bookings b1_0
Hibernate: 
    delete 
    from
        bookings 
    where
        id=?
Hibernate: 
    select
        r1_0.id,
        r1_0.name 
    from
        rooms r1_0
Hibernate: 
    delete 
    from
        rooms 
    where
        id=?
Hibernate: 
    insert 
    into
        rooms
        (name, id) 
    values
        (?, default)
2026-01-20T15:44:13.477+02:00  WARN 223964 --- [Rising_Star_2026] [           main] c.t.r.exception.GlobalExceptionHandler   : Validation failed: [roomId: Room ID is required, startTime: Start time is required, endTime: End time is required]
]]></system-out>
  </testcase>
  <testcase name="getBookingsByRoom_shouldReturn404WhenRoomNotFound" classname="com.tomato.rising_star_2026.controller.BookingControllerIntegrationTest" time="0.008">
    <system-out><![CDATA[Hibernate: 
    select
        b1_0.id,
        b1_0.end_time,
        b1_0.room_id,
        b1_0.start_time,
        b1_0.status 
    from
        bookings b1_0
Hibernate: 
    select
        r1_0.id,
        r1_0.name 
    from
        rooms r1_0
Hibernate: 
    delete 
    from
        rooms 
    where
        id=?
Hibernate: 
    insert 
    into
        rooms
        (name, id) 
    values
        (?, default)
2026-01-20T15:44:13.487+02:00  INFO 223964 --- [Rising_Star_2026] [           main] c.t.r.service.BookingService             : Fetching active bookings for room 999
Hibernate: 
    select
        count(*) 
    from
        rooms r1_0 
    where
        r1_0.id=?
2026-01-20T15:44:13.488+02:00  WARN 223964 --- [Rising_Star_2026] [           main] c.t.r.exception.GlobalExceptionHandler   : Room not found: Room not found
]]></system-out>
  </testcase>
  <testcase name="createBooking_shouldReturn404WhenRoomNotFound" classname="com.tomato.rising_star_2026.controller.BookingControllerIntegrationTest" time="0.008">
    <system-out><![CDATA[Hibernate: 
    select
        b1_0.id,
        b1_0.end_time,
        b1_0.room_id,
        b1_0.start_time,
        b1_0.status 
    from
        bookings b1_0
Hibernate: 
    select
        r1_0.id,
        r1_0.name 
    from
        rooms r1_0
Hibernate: 
    delete 
    from
        rooms 
    where
        id=?
Hibernate: 
    insert 
    into
        rooms
        (name, id) 
    values
        (?, default)
2026-01-20T15:44:13.496+02:00  INFO 223964 --- [Rising_Star_2026] [           main] c.t.r.service.BookingService             : Creating booking for room 999 from 2026-01-21T15:44:13 to 2026-01-21T17:44:13
Hibernate: 
    select
        r1_0.id,
        r1_0.name 
    from
        rooms r1_0 
    where
        r1_0.id=?
2026-01-20T15:44:13.497+02:00  WARN 223964 --- [Rising_Star_2026] [           main] c.t.r.exception.GlobalExceptionHandler   : Room not found: Room not found
]]></system-out>
  </testcase>
  <testcase name="cancelBooking_shouldCancelBookingSuccessfully" classname="com.tomato.rising_star_2026.controller.BookingControllerIntegrationTest" time="0.013">
    <system-out><![CDATA[Hibernate: 
    select
        b1_0.id,
        b1_0.end_time,
        b1_0.room_id,
        b1_0.start_time,
        b1_0.status 
    from
        bookings b1_0
Hibernate: 
    select
        r1_0.id,
        r1_0.name 
    from
        rooms r1_0
Hibernate: 
    delete 
    from
        rooms 
    where
        id=?
Hibernate: 
    insert 
    into
        rooms
        (name, id) 
    values
        (?, default)
Hibernate: 
    insert 
    into
        bookings
        (end_time, room_id, start_time, status, id) 
    values
        (?, ?, ?, ?, default)
2026-01-20T15:44:13.505+02:00  INFO 223964 --- [Rising_Star_2026] [           main] c.t.r.service.BookingService             : Canceling booking with id 6
Hibernate: 
    select
        b1_0.id,
        b1_0.end_time,
        b1_0.room_id,
        b1_0.start_time,
        b1_0.status 
    from
        bookings b1_0 
    where
        b1_0.id=?
2026-01-20T15:44:13.507+02:00  INFO 223964 --- [Rising_Star_2026] [           main] c.t.r.service.BookingService             : Booking 6 canceled
Hibernate: 
    select
        r1_0.id,
        r1_0.name 
    from
        rooms r1_0 
    where
        r1_0.id=?
Hibernate: 
    update
        bookings 
    set
        end_time=?,
        room_id=?,
        start_time=?,
        status=? 
    where
        id=?
]]></system-out>
  </testcase>
</testsuite>